{"/home/user/madmaxyoshi.github.io/stackmix-mvp/src/api.ts": {"path":"/home/user/madmaxyoshi.github.io/stackmix-mvp/src/api.ts","statementMap":{"0":{"start":{"line":1,"column":0},"end":{"line":1,"column":53}},"1":{"start":{"line":2,"column":0},"end":{"line":2,"column":41}},"2":{"start":{"line":4,"column":15},"end":{"line":4,"column":31}},"3":{"start":{"line":7,"column":0},"end":{"line":13,"column":3}},"4":{"start":{"line":8,"column":2},"end":{"line":12,"column":3}},"5":{"start":{"line":9,"column":4},"end":{"line":9,"column":40}},"6":{"start":{"line":11,"column":4},"end":{"line":11,"column":64}},"7":{"start":{"line":16,"column":0},"end":{"line":24,"column":3}},"8":{"start":{"line":17,"column":2},"end":{"line":23,"column":3}},"9":{"start":{"line":18,"column":20},"end":{"line":18,"column":59}},"10":{"start":{"line":19,"column":4},"end":{"line":19,"column":78}},"11":{"start":{"line":19,"column":18},"end":{"line":19,"column":78}},"12":{"start":{"line":20,"column":4},"end":{"line":20,"column":22}},"13":{"start":{"line":22,"column":4},"end":{"line":22,"column":63}},"14":{"start":{"line":27,"column":0},"end":{"line":36,"column":3}},"15":{"start":{"line":28,"column":2},"end":{"line":35,"column":3}},"16":{"start":{"line":29,"column":52},"end":{"line":29,"column":60}},"17":{"start":{"line":30,"column":4},"end":{"line":30,"column":103}},"18":{"start":{"line":30,"column":29},"end":{"line":30,"column":103}},"19":{"start":{"line":31,"column":20},"end":{"line":31,"column":78}},"20":{"start":{"line":32,"column":4},"end":{"line":32,"column":34}},"21":{"start":{"line":34,"column":4},"end":{"line":34,"column":64}},"22":{"start":{"line":39,"column":0},"end":{"line":46,"column":3}},"23":{"start":{"line":40,"column":2},"end":{"line":45,"column":3}},"24":{"start":{"line":41,"column":19},"end":{"line":41,"column":68}},"25":{"start":{"line":42,"column":4},"end":{"line":42,"column":21}},"26":{"start":{"line":44,"column":4},"end":{"line":44,"column":62}},"27":{"start":{"line":49,"column":0},"end":{"line":63,"column":3}},"28":{"start":{"line":50,"column":2},"end":{"line":62,"column":3}},"29":{"start":{"line":51,"column":96},"end":{"line":51,"column":104}},"30":{"start":{"line":52,"column":4},"end":{"line":54,"column":5}},"31":{"start":{"line":53,"column":6},"end":{"line":53,"column":90}},"32":{"start":{"line":55,"column":18},"end":{"line":58,"column":6}},"33":{"start":{"line":59,"column":4},"end":{"line":59,"column":32}},"34":{"start":{"line":61,"column":4},"end":{"line":61,"column":62}},"35":{"start":{"line":66,"column":0},"end":{"line":73,"column":3}},"36":{"start":{"line":67,"column":2},"end":{"line":72,"column":3}},"37":{"start":{"line":68,"column":21},"end":{"line":68,"column":68}},"38":{"start":{"line":69,"column":4},"end":{"line":69,"column":23}},"39":{"start":{"line":71,"column":4},"end":{"line":71,"column":64}},"40":{"start":{"line":76,"column":0},"end":{"line":90,"column":3}},"41":{"start":{"line":77,"column":2},"end":{"line":89,"column":3}},"42":{"start":{"line":78,"column":51},"end":{"line":78,"column":59}},"43":{"start":{"line":79,"column":4},"end":{"line":81,"column":5}},"44":{"start":{"line":80,"column":6},"end":{"line":80,"column":96}},"45":{"start":{"line":82,"column":20},"end":{"line":85,"column":6}},"46":{"start":{"line":86,"column":4},"end":{"line":86,"column":34}},"47":{"start":{"line":88,"column":4},"end":{"line":88,"column":64}},"48":{"start":{"line":93,"column":0},"end":{"line":101,"column":3}},"49":{"start":{"line":94,"column":2},"end":{"line":100,"column":3}},"50":{"start":{"line":95,"column":21},"end":{"line":95,"column":59}},"51":{"start":{"line":96,"column":4},"end":{"line":96,"column":79}},"52":{"start":{"line":96,"column":19},"end":{"line":96,"column":79}},"53":{"start":{"line":97,"column":4},"end":{"line":97,"column":46}},"54":{"start":{"line":99,"column":4},"end":{"line":99,"column":65}},"55":{"start":{"line":104,"column":0},"end":{"line":118,"column":3}},"56":{"start":{"line":105,"column":2},"end":{"line":117,"column":3}},"57":{"start":{"line":106,"column":52},"end":{"line":106,"column":60}},"58":{"start":{"line":107,"column":4},"end":{"line":109,"column":5}},"59":{"start":{"line":108,"column":6},"end":{"line":108,"column":97}},"60":{"start":{"line":110,"column":19},"end":{"line":113,"column":6}},"61":{"start":{"line":114,"column":4},"end":{"line":114,"column":33}},"62":{"start":{"line":116,"column":4},"end":{"line":116,"column":63}},"63":{"start":{"line":121,"column":0},"end":{"line":133,"column":3}},"64":{"start":{"line":122,"column":2},"end":{"line":132,"column":3}},"65":{"start":{"line":123,"column":29},"end":{"line":123,"column":37}},"66":{"start":{"line":124,"column":4},"end":{"line":126,"column":5}},"67":{"start":{"line":125,"column":6},"end":{"line":125,"column":94}},"68":{"start":{"line":127,"column":19},"end":{"line":127,"column":70}},"69":{"start":{"line":128,"column":4},"end":{"line":128,"column":76}},"70":{"start":{"line":128,"column":17},"end":{"line":128,"column":76}},"71":{"start":{"line":129,"column":4},"end":{"line":129,"column":21}},"72":{"start":{"line":131,"column":4},"end":{"line":131,"column":63}},"73":{"start":{"line":135,"column":0},"end":{"line":135,"column":22}}},"fnMap":{"0":{"name":"(anonymous_1)","decl":{"start":{"line":7,"column":28},"end":{"line":7,"column":29}},"loc":{"start":{"line":7,"column":61},"end":{"line":13,"column":1}}},"1":{"name":"(anonymous_2)","decl":{"start":{"line":16,"column":32},"end":{"line":16,"column":33}},"loc":{"start":{"line":16,"column":64},"end":{"line":24,"column":1}}},"2":{"name":"(anonymous_3)","decl":{"start":{"line":27,"column":29},"end":{"line":27,"column":30}},"loc":{"start":{"line":27,"column":61},"end":{"line":36,"column":1}}},"3":{"name":"(anonymous_4)","decl":{"start":{"line":39,"column":46},"end":{"line":39,"column":47}},"loc":{"start":{"line":39,"column":78},"end":{"line":46,"column":1}}},"4":{"name":"(anonymous_5)","decl":{"start":{"line":49,"column":47},"end":{"line":49,"column":48}},"loc":{"start":{"line":49,"column":79},"end":{"line":63,"column":1}}},"5":{"name":"(anonymous_6)","decl":{"start":{"line":66,"column":44},"end":{"line":66,"column":45}},"loc":{"start":{"line":66,"column":76},"end":{"line":73,"column":1}}},"6":{"name":"(anonymous_7)","decl":{"start":{"line":76,"column":45},"end":{"line":76,"column":46}},"loc":{"start":{"line":76,"column":77},"end":{"line":90,"column":1}}},"7":{"name":"(anonymous_8)","decl":{"start":{"line":93,"column":42},"end":{"line":93,"column":43}},"loc":{"start":{"line":93,"column":74},"end":{"line":101,"column":1}}},"8":{"name":"(anonymous_9)","decl":{"start":{"line":104,"column":48},"end":{"line":104,"column":49}},"loc":{"start":{"line":104,"column":80},"end":{"line":118,"column":1}}},"9":{"name":"(anonymous_10)","decl":{"start":{"line":121,"column":33},"end":{"line":121,"column":34}},"loc":{"start":{"line":121,"column":65},"end":{"line":133,"column":1}}}},"branchMap":{"0":{"loc":{"start":{"line":19,"column":4},"end":{"line":19,"column":78}},"type":"if","locations":[{"start":{"line":19,"column":4},"end":{"line":19,"column":78}}]},"1":{"loc":{"start":{"line":29,"column":29},"end":{"line":29,"column":47}},"type":"default-arg","locations":[{"start":{"line":29,"column":45},"end":{"line":29,"column":47}}]},"2":{"loc":{"start":{"line":30,"column":4},"end":{"line":30,"column":103}},"type":"if","locations":[{"start":{"line":30,"column":4},"end":{"line":30,"column":103}}]},"3":{"loc":{"start":{"line":30,"column":8},"end":{"line":30,"column":27}},"type":"binary-expr","locations":[{"start":{"line":30,"column":8},"end":{"line":30,"column":14}},{"start":{"line":30,"column":18},"end":{"line":30,"column":27}}]},"4":{"loc":{"start":{"line":51,"column":47},"end":{"line":51,"column":65}},"type":"default-arg","locations":[{"start":{"line":51,"column":59},"end":{"line":51,"column":65}}]},"5":{"loc":{"start":{"line":51,"column":80},"end":{"line":51,"column":91}},"type":"default-arg","locations":[{"start":{"line":51,"column":90},"end":{"line":51,"column":91}}]},"6":{"loc":{"start":{"line":52,"column":4},"end":{"line":54,"column":5}},"type":"if","locations":[{"start":{"line":52,"column":4},"end":{"line":54,"column":5}}]},"7":{"loc":{"start":{"line":52,"column":8},"end":{"line":52,"column":43}},"type":"binary-expr","locations":[{"start":{"line":52,"column":8},"end":{"line":52,"column":14}},{"start":{"line":52,"column":18},"end":{"line":52,"column":27}},{"start":{"line":52,"column":31},"end":{"line":52,"column":43}}]},"8":{"loc":{"start":{"line":79,"column":4},"end":{"line":81,"column":5}},"type":"if","locations":[{"start":{"line":79,"column":4},"end":{"line":81,"column":5}}]},"9":{"loc":{"start":{"line":79,"column":8},"end":{"line":79,"column":62}},"type":"binary-expr","locations":[{"start":{"line":79,"column":8},"end":{"line":79,"column":18}},{"start":{"line":79,"column":22},"end":{"line":79,"column":53}},{"start":{"line":79,"column":57},"end":{"line":79,"column":62}}]},"10":{"loc":{"start":{"line":96,"column":4},"end":{"line":96,"column":79}},"type":"if","locations":[{"start":{"line":96,"column":4},"end":{"line":96,"column":79}}]},"11":{"loc":{"start":{"line":107,"column":4},"end":{"line":109,"column":5}},"type":"if","locations":[{"start":{"line":107,"column":4},"end":{"line":109,"column":5}}]},"12":{"loc":{"start":{"line":107,"column":8},"end":{"line":107,"column":50}},"type":"binary-expr","locations":[{"start":{"line":107,"column":8},"end":{"line":107,"column":17}},{"start":{"line":107,"column":21},"end":{"line":107,"column":34}},{"start":{"line":107,"column":38},"end":{"line":107,"column":50}}]},"13":{"loc":{"start":{"line":124,"column":4},"end":{"line":126,"column":5}},"type":"if","locations":[{"start":{"line":124,"column":4},"end":{"line":126,"column":5}}]},"14":{"loc":{"start":{"line":124,"column":8},"end":{"line":124,"column":71}},"type":"binary-expr","locations":[{"start":{"line":124,"column":8},"end":{"line":124,"column":15}},{"start":{"line":124,"column":19},"end":{"line":124,"column":71}}]},"15":{"loc":{"start":{"line":128,"column":4},"end":{"line":128,"column":76}},"type":"if","locations":[{"start":{"line":128,"column":4},"end":{"line":128,"column":76}}]}},"s":{"0":2,"1":2,"2":2,"3":2,"4":2,"5":2,"6":1,"7":2,"8":3,"9":3,"10":2,"11":1,"12":1,"13":1,"14":2,"15":4,"16":4,"17":4,"18":2,"19":2,"20":1,"21":1,"22":2,"23":3,"24":3,"25":2,"26":1,"27":2,"28":5,"29":5,"30":5,"31":3,"32":2,"33":1,"34":1,"35":2,"36":3,"37":3,"38":2,"39":1,"40":2,"41":7,"42":7,"43":7,"44":3,"45":4,"46":3,"47":1,"48":2,"49":3,"50":3,"51":2,"52":1,"53":1,"54":1,"55":2,"56":10,"57":10,"58":10,"59":3,"60":7,"61":6,"62":1,"63":2,"64":6,"65":6,"66":6,"67":2,"68":4,"69":3,"70":1,"71":2,"72":1,"73":2},"f":{"0":2,"1":3,"2":4,"3":3,"4":5,"5":3,"6":7,"7":3,"8":10,"9":6},"b":{"0":[1],"1":[3],"2":[2],"3":[4,3],"4":[5],"5":[5],"6":[3],"7":[5,4,3],"8":[3],"9":[7,6,5],"10":[1],"11":[3],"12":[10,9,8],"13":[2],"14":[6,5],"15":[1]}}
,"/home/user/madmaxyoshi.github.io/stackmix-mvp/src/database.mock.ts": {"path":"/home/user/madmaxyoshi.github.io/stackmix-mvp/src/database.mock.ts","statementMap":{"0":{"start":{"line":2,"column":0},"end":{"line":2,"column":36}},"1":{"start":{"line":9,"column":4},"end":{"line":83,"column":2}},"2":{"start":{"line":85,"column":13},"end":{"line":134,"column":2}},"3":{"start":{"line":87,"column":19},"end":{"line":87,"column":35}},"4":{"start":{"line":88,"column":30},"end":{"line":88,"column":72}},"5":{"start":{"line":88,"column":52},"end":{"line":88,"column":63}},"6":{"start":{"line":90,"column":31},"end":{"line":90,"column":104}},"7":{"start":{"line":91,"column":6},"end":{"line":91,"column":32}},"8":{"start":{"line":92,"column":6},"end":{"line":92,"column":21}},"9":{"start":{"line":96,"column":43},"end":{"line":96,"column":93}},"10":{"start":{"line":96,"column":65},"end":{"line":96,"column":92}},"11":{"start":{"line":97,"column":30},"end":{"line":97,"column":70}},"12":{"start":{"line":97,"column":50},"end":{"line":97,"column":61}},"13":{"start":{"line":99,"column":27},"end":{"line":99,"column":76}},"14":{"start":{"line":100,"column":6},"end":{"line":100,"column":28}},"15":{"start":{"line":101,"column":6},"end":{"line":101,"column":19}},"16":{"start":{"line":105,"column":39},"end":{"line":105,"column":145}},"17":{"start":{"line":105,"column":63},"end":{"line":105,"column":86}},"18":{"start":{"line":105,"column":103},"end":{"line":105,"column":144}},"19":{"start":{"line":107,"column":31},"end":{"line":107,"column":97}},"20":{"start":{"line":108,"column":6},"end":{"line":108,"column":32}},"21":{"start":{"line":109,"column":6},"end":{"line":109,"column":21}},"22":{"start":{"line":112,"column":16},"end":{"line":112,"column":50}},"23":{"start":{"line":112,"column":38},"end":{"line":112,"column":49}},"24":{"start":{"line":113,"column":6},"end":{"line":113,"column":27}},"25":{"start":{"line":113,"column":14},"end":{"line":113,"column":27}},"26":{"start":{"line":114,"column":6},"end":{"line":114,"column":24}},"27":{"start":{"line":115,"column":6},"end":{"line":115,"column":18}},"28":{"start":{"line":119,"column":43},"end":{"line":119,"column":94}},"29":{"start":{"line":119,"column":66},"end":{"line":119,"column":93}},"30":{"start":{"line":121,"column":36},"end":{"line":121,"column":85}},"31":{"start":{"line":122,"column":6},"end":{"line":122,"column":30}},"32":{"start":{"line":123,"column":6},"end":{"line":123,"column":20}},"33":{"start":{"line":126,"column":16},"end":{"line":126,"column":49}},"34":{"start":{"line":126,"column":37},"end":{"line":126,"column":48}},"35":{"start":{"line":127,"column":6},"end":{"line":127,"column":26}},"36":{"start":{"line":127,"column":14},"end":{"line":127,"column":26}},"37":{"start":{"line":128,"column":6},"end":{"line":128,"column":24}},"38":{"start":{"line":129,"column":6},"end":{"line":129,"column":20}},"39":{"start":{"line":130,"column":6},"end":{"line":130,"column":34}},"40":{"start":{"line":131,"column":6},"end":{"line":131,"column":15}}},"fnMap":{"0":{"name":"(anonymous_0)","decl":{"start":{"line":87,"column":13},"end":{"line":87,"column":16}},"loc":{"start":{"line":87,"column":19},"end":{"line":87,"column":35}}},"1":{"name":"(anonymous_1)","decl":{"start":{"line":88,"column":14},"end":{"line":88,"column":15}},"loc":{"start":{"line":88,"column":30},"end":{"line":88,"column":72}}},"2":{"name":"(anonymous_2)","decl":{"start":{"line":88,"column":47},"end":{"line":88,"column":48}},"loc":{"start":{"line":88,"column":52},"end":{"line":88,"column":63}}},"3":{"name":"(anonymous_3)","decl":{"start":{"line":89,"column":12},"end":{"line":89,"column":13}},"loc":{"start":{"line":89,"column":81},"end":{"line":93,"column":5}}},"4":{"name":"(anonymous_4)","decl":{"start":{"line":96,"column":19},"end":{"line":96,"column":20}},"loc":{"start":{"line":96,"column":43},"end":{"line":96,"column":93}}},"5":{"name":"(anonymous_5)","decl":{"start":{"line":96,"column":60},"end":{"line":96,"column":61}},"loc":{"start":{"line":96,"column":65},"end":{"line":96,"column":92}}},"6":{"name":"(anonymous_6)","decl":{"start":{"line":97,"column":14},"end":{"line":97,"column":15}},"loc":{"start":{"line":97,"column":30},"end":{"line":97,"column":70}}},"7":{"name":"(anonymous_7)","decl":{"start":{"line":97,"column":45},"end":{"line":97,"column":46}},"loc":{"start":{"line":97,"column":50},"end":{"line":97,"column":61}}},"8":{"name":"(anonymous_8)","decl":{"start":{"line":98,"column":12},"end":{"line":98,"column":13}},"loc":{"start":{"line":98,"column":62},"end":{"line":102,"column":5}}},"9":{"name":"(anonymous_9)","decl":{"start":{"line":105,"column":17},"end":{"line":105,"column":18}},"loc":{"start":{"line":105,"column":39},"end":{"line":105,"column":145}}},"10":{"name":"(anonymous_10)","decl":{"start":{"line":105,"column":58},"end":{"line":105,"column":59}},"loc":{"start":{"line":105,"column":63},"end":{"line":105,"column":86}}},"11":{"name":"(anonymous_11)","decl":{"start":{"line":105,"column":93},"end":{"line":105,"column":94}},"loc":{"start":{"line":105,"column":103},"end":{"line":105,"column":144}}},"12":{"name":"(anonymous_12)","decl":{"start":{"line":106,"column":12},"end":{"line":106,"column":13}},"loc":{"start":{"line":106,"column":79},"end":{"line":110,"column":5}}},"13":{"name":"(anonymous_13)","decl":{"start":{"line":111,"column":13},"end":{"line":111,"column":14}},"loc":{"start":{"line":111,"column":37},"end":{"line":116,"column":5}}},"14":{"name":"(anonymous_14)","decl":{"start":{"line":112,"column":33},"end":{"line":112,"column":34}},"loc":{"start":{"line":112,"column":38},"end":{"line":112,"column":49}}},"15":{"name":"(anonymous_15)","decl":{"start":{"line":119,"column":19},"end":{"line":119,"column":20}},"loc":{"start":{"line":119,"column":43},"end":{"line":119,"column":94}}},"16":{"name":"(anonymous_16)","decl":{"start":{"line":119,"column":61},"end":{"line":119,"column":62}},"loc":{"start":{"line":119,"column":66},"end":{"line":119,"column":93}}},"17":{"name":"(anonymous_17)","decl":{"start":{"line":120,"column":12},"end":{"line":120,"column":13}},"loc":{"start":{"line":120,"column":78},"end":{"line":124,"column":5}}},"18":{"name":"(anonymous_18)","decl":{"start":{"line":125,"column":13},"end":{"line":125,"column":14}},"loc":{"start":{"line":125,"column":108},"end":{"line":132,"column":5}}},"19":{"name":"(anonymous_19)","decl":{"start":{"line":126,"column":32},"end":{"line":126,"column":33}},"loc":{"start":{"line":126,"column":37},"end":{"line":126,"column":48}}}},"branchMap":{"0":{"loc":{"start":{"line":88,"column":30},"end":{"line":88,"column":72}},"type":"binary-expr","locations":[{"start":{"line":88,"column":30},"end":{"line":88,"column":64}},{"start":{"line":88,"column":68},"end":{"line":88,"column":72}}]},"1":{"loc":{"start":{"line":97,"column":30},"end":{"line":97,"column":70}},"type":"binary-expr","locations":[{"start":{"line":97,"column":30},"end":{"line":97,"column":62}},{"start":{"line":97,"column":66},"end":{"line":97,"column":70}}]},"2":{"loc":{"start":{"line":113,"column":6},"end":{"line":113,"column":27}},"type":"if","locations":[{"start":{"line":113,"column":6},"end":{"line":113,"column":27}}]},"3":{"loc":{"start":{"line":127,"column":6},"end":{"line":127,"column":26}},"type":"if","locations":[{"start":{"line":127,"column":6},"end":{"line":127,"column":26}}]}},"s":{"0":2,"1":2,"2":2,"3":4,"4":4,"5":6,"6":2,"7":2,"8":2,"9":6,"10":13,"11":2,"12":3,"13":2,"14":2,"15":2,"16":5,"17":12,"18":9,"19":5,"20":5,"21":5,"22":4,"23":18,"24":4,"25":2,"26":2,"27":2,"28":2,"29":2,"30":9,"31":9,"32":9,"33":6,"34":25,"35":6,"36":2,"37":4,"38":4,"39":4,"40":4},"f":{"0":4,"1":4,"2":6,"3":2,"4":6,"5":13,"6":2,"7":3,"8":2,"9":5,"10":12,"11":9,"12":5,"13":4,"14":18,"15":2,"16":2,"17":9,"18":6,"19":25},"b":{"0":[4,2],"1":[2,1],"2":[2],"3":[2]}}
,"/home/user/madmaxyoshi.github.io/stackmix-mvp/src/index.ts": {"path":"/home/user/madmaxyoshi.github.io/stackmix-mvp/src/index.ts","statementMap":{"0":{"start":{"line":1,"column":0},"end":{"line":1,"column":30}},"1":{"start":{"line":2,"column":0},"end":{"line":2,"column":24}},"2":{"start":{"line":3,"column":0},"end":{"line":3,"column":28}},"3":{"start":{"line":4,"column":0},"end":{"line":4,"column":30}},"4":{"start":{"line":6,"column":0},"end":{"line":6,"column":16}},"5":{"start":{"line":8,"column":12},"end":{"line":8,"column":21}},"6":{"start":{"line":9,"column":0},"end":{"line":9,"column":16}},"7":{"start":{"line":10,"column":0},"end":{"line":10,"column":24}},"8":{"start":{"line":11,"column":0},"end":{"line":11,"column":19}},"9":{"start":{"line":13,"column":13},"end":{"line":13,"column":37}},"10":{"start":{"line":15,"column":0},"end":{"line":18,"column":3}},"11":{"start":{"line":16,"column":2},"end":{"line":16,"column":64}},"12":{"start":{"line":17,"column":2},"end":{"line":17,"column":51}}},"fnMap":{"0":{"name":"(anonymous_1)","decl":{"start":{"line":15,"column":17},"end":{"line":15,"column":20}},"loc":{"start":{"line":15,"column":22},"end":{"line":18,"column":1}}}},"branchMap":{"0":{"loc":{"start":{"line":13,"column":13},"end":{"line":13,"column":37}},"type":"binary-expr","locations":[{"start":{"line":13,"column":13},"end":{"line":13,"column":29}},{"start":{"line":13,"column":33},"end":{"line":13,"column":37}}]}},"s":{"0":1,"1":1,"2":1,"3":1,"4":1,"5":1,"6":1,"7":1,"8":1,"9":1,"10":1,"11":1,"12":1},"f":{"0":1},"b":{"0":[1,1]}}
}
