TN:
SF:src/api.ts
FN:7,(anonymous_1)
FN:16,(anonymous_2)
FN:27,(anonymous_3)
FN:39,(anonymous_4)
FN:49,(anonymous_5)
FN:66,(anonymous_6)
FN:76,(anonymous_7)
FN:93,(anonymous_8)
FN:104,(anonymous_9)
FN:121,(anonymous_10)
FNF:10
FNH:10
FNDA:2,(anonymous_1)
FNDA:3,(anonymous_2)
FNDA:4,(anonymous_3)
FNDA:3,(anonymous_4)
FNDA:5,(anonymous_5)
FNDA:3,(anonymous_6)
FNDA:7,(anonymous_7)
FNDA:3,(anonymous_8)
FNDA:10,(anonymous_9)
FNDA:6,(anonymous_10)
DA:1,2
DA:2,2
DA:4,2
DA:7,2
DA:8,2
DA:9,2
DA:11,1
DA:16,2
DA:17,3
DA:18,3
DA:19,2
DA:20,1
DA:22,1
DA:27,2
DA:28,4
DA:29,4
DA:30,4
DA:31,2
DA:32,1
DA:34,1
DA:39,2
DA:40,3
DA:41,3
DA:42,2
DA:44,1
DA:49,2
DA:50,5
DA:51,5
DA:52,5
DA:53,3
DA:55,2
DA:59,1
DA:61,1
DA:66,2
DA:67,3
DA:68,3
DA:69,2
DA:71,1
DA:76,2
DA:77,7
DA:78,7
DA:79,7
DA:80,3
DA:82,4
DA:86,3
DA:88,1
DA:93,2
DA:94,3
DA:95,3
DA:96,2
DA:97,1
DA:99,1
DA:104,2
DA:105,10
DA:106,10
DA:107,10
DA:108,3
DA:110,7
DA:114,6
DA:116,1
DA:121,2
DA:122,6
DA:123,6
DA:124,6
DA:125,2
DA:127,4
DA:128,3
DA:129,2
DA:131,1
DA:135,2
LF:70
LH:70
BRDA:19,0,0,1
BRDA:29,1,0,3
BRDA:30,2,0,2
BRDA:30,3,0,4
BRDA:30,3,1,3
BRDA:51,4,0,5
BRDA:51,5,0,5
BRDA:52,6,0,3
BRDA:52,7,0,5
BRDA:52,7,1,4
BRDA:52,7,2,3
BRDA:79,8,0,3
BRDA:79,9,0,7
BRDA:79,9,1,6
BRDA:79,9,2,5
BRDA:96,10,0,1
BRDA:107,11,0,3
BRDA:107,12,0,10
BRDA:107,12,1,9
BRDA:107,12,2,8
BRDA:124,13,0,2
BRDA:124,14,0,6
BRDA:124,14,1,5
BRDA:128,15,0,1
BRF:24
BRH:24
end_of_record
TN:
SF:src/database.mock.ts
FN:87,(anonymous_0)
FN:88,(anonymous_1)
FN:88,(anonymous_2)
FN:89,(anonymous_3)
FN:96,(anonymous_4)
FN:96,(anonymous_5)
FN:97,(anonymous_6)
FN:97,(anonymous_7)
FN:98,(anonymous_8)
FN:105,(anonymous_9)
FN:105,(anonymous_10)
FN:105,(anonymous_11)
FN:106,(anonymous_12)
FN:111,(anonymous_13)
FN:112,(anonymous_14)
FN:119,(anonymous_15)
FN:119,(anonymous_16)
FN:120,(anonymous_17)
FN:125,(anonymous_18)
FN:126,(anonymous_19)
FNF:20
FNH:20
FNDA:4,(anonymous_0)
FNDA:4,(anonymous_1)
FNDA:6,(anonymous_2)
FNDA:2,(anonymous_3)
FNDA:6,(anonymous_4)
FNDA:13,(anonymous_5)
FNDA:2,(anonymous_6)
FNDA:3,(anonymous_7)
FNDA:2,(anonymous_8)
FNDA:5,(anonymous_9)
FNDA:12,(anonymous_10)
FNDA:9,(anonymous_11)
FNDA:5,(anonymous_12)
FNDA:4,(anonymous_13)
FNDA:18,(anonymous_14)
FNDA:2,(anonymous_15)
FNDA:2,(anonymous_16)
FNDA:9,(anonymous_17)
FNDA:6,(anonymous_18)
FNDA:25,(anonymous_19)
DA:2,2
DA:9,2
DA:85,2
DA:87,4
DA:88,6
DA:90,2
DA:91,2
DA:92,2
DA:96,13
DA:97,3
DA:99,2
DA:100,2
DA:101,2
DA:105,12
DA:107,5
DA:108,5
DA:109,5
DA:112,18
DA:113,4
DA:114,2
DA:115,2
DA:119,2
DA:121,9
DA:122,9
DA:123,9
DA:126,25
DA:127,6
DA:128,4
DA:129,4
DA:130,4
DA:131,4
LF:31
LH:31
BRDA:88,0,0,4
BRDA:88,0,1,2
BRDA:97,1,0,2
BRDA:97,1,1,1
BRDA:113,2,0,2
BRDA:127,3,0,2
BRF:6
BRH:6
end_of_record
TN:
SF:src/index.ts
FN:15,(anonymous_1)
FNF:1
FNH:1
FNDA:1,(anonymous_1)
DA:1,1
DA:2,1
DA:3,1
DA:4,1
DA:6,1
DA:8,1
DA:9,1
DA:10,1
DA:11,1
DA:13,1
DA:15,1
DA:16,1
DA:17,1
LF:13
LH:13
BRDA:13,0,0,1
BRDA:13,0,1,1
BRF:2
BRH:2
end_of_record
